[ 2016-12-02T23:52:00+08:00 ] 127.0.0.1 /blog/Application/Home/View/index/__PUBLIC__/style/style.css
INFO: [ app_init ] --START--
INFO: Run Behavior\BuildLiteBehavior [ RunTime:0.000022s ]
INFO: [ app_init ] --END-- [ RunTime:0.000505s ]
ERR: 无法加载模块:Application

[ 2016-12-02T23:52:00+08:00 ] 127.0.0.1 /blog/Application/Home/View/index/__PUBLIC__/style/jquery.min.js
INFO: [ app_init ] --START--
INFO: Run Behavior\BuildLiteBehavior [ RunTime:0.000017s ]
INFO: [ app_init ] --END-- [ RunTime:0.000417s ]
ERR: 无法加载模块:Application

[ 2016-12-02T23:52:00+08:00 ] 127.0.0.1 /blog/Application/Home/View/index/__PUBLIC__/images/5616542160.jpg
INFO: [ app_init ] --START--
INFO: Run Behavior\BuildLiteBehavior [ RunTime:0.000015s ]
INFO: [ app_init ] --END-- [ RunTime:0.000530s ]
ERR: 无法加载模块:Application

[ 2016-12-02T23:52:00+08:00 ] 127.0.0.1 /blog/Application/Home/View/index/__PUBLIC__/images/561565160.jpg
INFO: [ app_init ] --START--
INFO: Run Behavior\BuildLiteBehavior [ RunTime:0.000022s ]
INFO: [ app_init ] --END-- [ RunTime:0.000511s ]
ERR: 无法加载模块:Application

[ 2016-12-02T23:52:00+08:00 ] 127.0.0.1 /blog/Application/Home/View/index/__PUBLIC__/images/561564160.jpg
INFO: [ app_init ] --START--
INFO: Run Behavior\BuildLiteBehavior [ RunTime:0.000022s ]
INFO: [ app_init ] --END-- [ RunTime:0.000552s ]
ERR: 无法加载模块:Application

[ 2016-12-02T23:52:00+08:00 ] 127.0.0.1 /blog/Application/Home/View/index/__PUBLIC__/images/5616541160.jpg
INFO: [ app_init ] --START--
INFO: Run Behavior\BuildLiteBehavior [ RunTime:0.000048s ]
INFO: [ app_init ] --END-- [ RunTime:0.000762s ]
ERR: 无法加载模块:Application

[ 2016-12-02T23:52:00+08:00 ] 127.0.0.1 /blog/Application/Home/View/index/__PUBLIC__/images/561563160.jpg
INFO: [ app_init ] --START--
INFO: Run Behavior\BuildLiteBehavior [ RunTime:0.000036s ]
INFO: [ app_init ] --END-- [ RunTime:0.000769s ]
ERR: 无法加载模块:Application

[ 2016-12-02T23:52:00+08:00 ] 127.0.0.1 /blog/Application/Home/View/index/__PUBLIC__/images/561562160.jpg
INFO: [ app_init ] --START--
INFO: Run Behavior\BuildLiteBehavior [ RunTime:0.000025s ]
INFO: [ app_init ] --END-- [ RunTime:0.000553s ]
ERR: 无法加载模块:Application

[ 2016-12-02T23:52:00+08:00 ] 127.0.0.1 /blog/Application/Home/View/index/__PUBLIC__/images/561561160.jpg
INFO: [ app_init ] --START--
INFO: Run Behavior\BuildLiteBehavior [ RunTime:0.000019s ]
INFO: [ app_init ] --END-- [ RunTime:0.000502s ]
ERR: 无法加载模块:Application

[ 2016-12-02T23:52:00+08:00 ] 127.0.0.1 /blog/Application/Home/View/index/__PUBLIC__/images/562307160.jpg
INFO: [ app_init ] --START--
INFO: Run Behavior\BuildLiteBehavior [ RunTime:0.000020s ]
INFO: [ app_init ] --END-- [ RunTime:0.000510s ]
ERR: 无法加载模块:Application

[ 2016-12-02T23:52:00+08:00 ] 127.0.0.1 /blog/Application/Home/View/index/__PUBLIC__/images/562308160.jpg
INFO: [ app_init ] --START--
INFO: Run Behavior\BuildLiteBehavior [ RunTime:0.000029s ]
INFO: [ app_init ] --END-- [ RunTime:0.000603s ]
ERR: 无法加载模块:Application

[ 2016-12-02T23:52:00+08:00 ] 127.0.0.1 /blog/Application/Home/View/index/__PUBLIC__/images/562302160.jpg
INFO: [ app_init ] --START--
INFO: Run Behavior\BuildLiteBehavior [ RunTime:0.000021s ]
INFO: [ app_init ] --END-- [ RunTime:0.000527s ]
ERR: 无法加载模块:Application

[ 2016-12-02T23:52:00+08:00 ] 127.0.0.1 /blog/Application/Home/View/index/__PUBLIC__/images/562303160.jpg
INFO: [ app_init ] --START--
INFO: Run Behavior\BuildLiteBehavior [ RunTime:0.000014s ]
INFO: [ app_init ] --END-- [ RunTime:0.000395s ]
ERR: 无法加载模块:Application

[ 2016-12-02T23:52:00+08:00 ] 127.0.0.1 /blog/Application/Home/View/index/__PUBLIC__/images/562301160.jpg
INFO: [ app_init ] --START--
INFO: Run Behavior\BuildLiteBehavior [ RunTime:0.000022s ]
INFO: [ app_init ] --END-- [ RunTime:0.000516s ]
ERR: 无法加载模块:Application

[ 2016-12-02T23:52:00+08:00 ] 127.0.0.1 /blog/Application/Home/View/index/__PUBLIC__/images/562304160.jpg
INFO: [ app_init ] --START--
INFO: Run Behavior\BuildLiteBehavior [ RunTime:0.000017s ]
INFO: [ app_init ] --END-- [ RunTime:0.000356s ]
ERR: 无法加载模块:Application

[ 2016-12-02T23:52:00+08:00 ] 127.0.0.1 /blog/Application/Home/View/index/__PUBLIC__/images/562306160.jpg
INFO: [ app_init ] --START--
INFO: Run Behavior\BuildLiteBehavior [ RunTime:0.000034s ]
INFO: [ app_init ] --END-- [ RunTime:0.000397s ]
ERR: 无法加载模块:Application

[ 2016-12-02T23:52:00+08:00 ] 127.0.0.1 /blog/Application/Home/View/index/__PUBLIC__/images/562305160.jpg
INFO: [ app_init ] --START--
INFO: Run Behavior\BuildLiteBehavior [ RunTime:0.000019s ]
INFO: [ app_init ] --END-- [ RunTime:0.000626s ]
ERR: 无法加载模块:Application

