[ 2016-12-02T23:41:13+08:00 ] ::1 /blog/index.php/admin
INFO: [ app_init ] --START--
INFO: Run Behavior\BuildLiteBehavior [ RunTime:0.000018s ]
INFO: [ app_init ] --END-- [ RunTime:0.000394s ]
INFO: [ app_begin ] --START--
INFO: Run Behavior\ReadHtmlCacheBehavior [ RunTime:0.000509s ]
INFO: [ app_begin ] --END-- [ RunTime:0.000577s ]
INFO: [ view_parse ] --START--
INFO: [ template_filter ] --START--
INFO: Run Behavior\ContentReplaceBehavior [ RunTime:0.000075s ]
INFO: [ template_filter ] --END-- [ RunTime:0.000150s ]
INFO: Run Behavior\ParseTemplateBehavior [ RunTime:0.012913s ]
INFO: [ view_parse ] --END-- [ RunTime:0.012970s ]
INFO: [ view_filter ] --START--
INFO: Run Behavior\WriteHtmlCacheBehavior [ RunTime:0.000139s ]
INFO: [ view_filter ] --END-- [ RunTime:0.000188s ]
INFO: [ app_end ] --START--
INFO: Run Behavior\ShowPageTraceBehavior [ RunTime:0.000488s ]
INFO: [ app_end ] --END-- [ RunTime:0.000539s ]

[ 2016-12-02T23:41:19+08:00 ] ::1 /blog/index.php/Admin/article/lst
INFO: [ app_init ] --START--
INFO: Run Behavior\BuildLiteBehavior [ RunTime:0.000015s ]
INFO: [ app_init ] --END-- [ RunTime:0.000360s ]
INFO: [ app_begin ] --START--
INFO: Run Behavior\ReadHtmlCacheBehavior [ RunTime:0.000441s ]
INFO: [ app_begin ] --END-- [ RunTime:0.000494s ]
SQL: SHOW COLUMNS FROM `blog_article` [ RunTime:0.0016s ]
SQL: SHOW COLUMNS FROM `blog_category` [ RunTime:0.0014s ]
SQL: SELECT COUNT(*) AS tp_count FROM blog_article Article LEFT JOIN blog_category Category ON Article.cateid=Category.id LIMIT 1   [ RunTime:0.0012s ]
SQL: SELECT Article.id AS id,Article.title AS title,Article.article_desc AS article_desc,Article.cateid AS cateid,Article.pic AS pic,Category.catename AS catename FROM blog_article Article LEFT JOIN blog_category Category ON Article.cateid=Category.id ORDER BY Article.id asc LIMIT 0,2   [ RunTime:0.0011s ]
INFO: [ view_parse ] --START--
INFO: [ template_filter ] --START--
INFO: Run Behavior\ContentReplaceBehavior [ RunTime:0.000077s ]
INFO: [ template_filter ] --END-- [ RunTime:0.000146s ]
NOTIC: [8] Undefined index: desc /Applications/MAMP/htdocs/blog/Application/Runtime/Cache/Admin/3233ce5cce332a117b52d9b8831cbcfa.php 第 104 行.
NOTIC: [8] Undefined index: desc /Applications/MAMP/htdocs/blog/Application/Runtime/Cache/Admin/3233ce5cce332a117b52d9b8831cbcfa.php 第 104 行.
INFO: Run Behavior\ParseTemplateBehavior [ RunTime:0.013643s ]
INFO: [ view_parse ] --END-- [ RunTime:0.013707s ]
INFO: [ view_filter ] --START--
INFO: Run Behavior\WriteHtmlCacheBehavior [ RunTime:0.000148s ]
INFO: [ view_filter ] --END-- [ RunTime:0.000198s ]
INFO: [ app_end ] --START--
INFO: Run Behavior\ShowPageTraceBehavior [ RunTime:0.000515s ]
INFO: [ app_end ] --END-- [ RunTime:0.000572s ]

[ 2016-12-02T23:43:18+08:00 ] ::1 /blog/index.php/admin
INFO: [ app_init ] --START--
INFO: Run Behavior\BuildLiteBehavior [ RunTime:0.000016s ]
INFO: [ app_init ] --END-- [ RunTime:0.000358s ]
INFO: [ app_begin ] --START--
INFO: Run Behavior\ReadHtmlCacheBehavior [ RunTime:0.000502s ]
INFO: [ app_begin ] --END-- [ RunTime:0.000563s ]
INFO: [ view_parse ] --START--
INFO: [ template_filter ] --START--
INFO: Run Behavior\ContentReplaceBehavior [ RunTime:0.000065s ]
INFO: [ template_filter ] --END-- [ RunTime:0.000141s ]
INFO: Run Behavior\ParseTemplateBehavior [ RunTime:0.009059s ]
INFO: [ view_parse ] --END-- [ RunTime:0.009115s ]
INFO: [ view_filter ] --START--
INFO: Run Behavior\WriteHtmlCacheBehavior [ RunTime:0.000152s ]
INFO: [ view_filter ] --END-- [ RunTime:0.000211s ]
INFO: [ app_end ] --START--
INFO: Run Behavior\ShowPageTraceBehavior [ RunTime:0.000528s ]
INFO: [ app_end ] --END-- [ RunTime:0.000581s ]

[ 2016-12-02T23:43:24+08:00 ] ::1 /blog/index.php/Admin/link/lst
INFO: [ app_init ] --START--
INFO: Run Behavior\BuildLiteBehavior [ RunTime:0.000016s ]
INFO: [ app_init ] --END-- [ RunTime:0.000373s ]
INFO: [ app_begin ] --START--
INFO: Run Behavior\ReadHtmlCacheBehavior [ RunTime:0.000428s ]
INFO: [ app_begin ] --END-- [ RunTime:0.000481s ]
SQL: SHOW COLUMNS FROM `blog_link` [ RunTime:0.0035s ]
SQL: SELECT COUNT(*) AS tp_count FROM `blog_link` LIMIT 1   [ RunTime:0.0003s ]
SQL: SELECT * FROM `blog_link` ORDER BY id asc LIMIT 0,2   [ RunTime:0.0003s ]
INFO: [ view_parse ] --START--
INFO: [ template_filter ] --START--
INFO: Run Behavior\ContentReplaceBehavior [ RunTime:0.000068s ]
INFO: [ template_filter ] --END-- [ RunTime:0.000143s ]
NOTIC: [8] Undefined index: catename /Applications/MAMP/htdocs/blog/Application/Runtime/Cache/Admin/65e4f6df08c62e8a208c27167d615170.php 第 100 行.
NOTIC: [8] Undefined index: catename /Applications/MAMP/htdocs/blog/Application/Runtime/Cache/Admin/65e4f6df08c62e8a208c27167d615170.php 第 102 行.
NOTIC: [8] Undefined index: catename /Applications/MAMP/htdocs/blog/Application/Runtime/Cache/Admin/65e4f6df08c62e8a208c27167d615170.php 第 102 行.
NOTIC: [8] Undefined index: catename /Applications/MAMP/htdocs/blog/Application/Runtime/Cache/Admin/65e4f6df08c62e8a208c27167d615170.php 第 104 行.
NOTIC: [8] Undefined index: catename /Applications/MAMP/htdocs/blog/Application/Runtime/Cache/Admin/65e4f6df08c62e8a208c27167d615170.php 第 104 行.
NOTIC: [8] Undefined index: catename /Applications/MAMP/htdocs/blog/Application/Runtime/Cache/Admin/65e4f6df08c62e8a208c27167d615170.php 第 100 行.
NOTIC: [8] Undefined index: catename /Applications/MAMP/htdocs/blog/Application/Runtime/Cache/Admin/65e4f6df08c62e8a208c27167d615170.php 第 102 行.
NOTIC: [8] Undefined index: catename /Applications/MAMP/htdocs/blog/Application/Runtime/Cache/Admin/65e4f6df08c62e8a208c27167d615170.php 第 102 行.
NOTIC: [8] Undefined index: catename /Applications/MAMP/htdocs/blog/Application/Runtime/Cache/Admin/65e4f6df08c62e8a208c27167d615170.php 第 104 行.
NOTIC: [8] Undefined index: catename /Applications/MAMP/htdocs/blog/Application/Runtime/Cache/Admin/65e4f6df08c62e8a208c27167d615170.php 第 104 行.
INFO: Run Behavior\ParseTemplateBehavior [ RunTime:0.011320s ]
INFO: [ view_parse ] --END-- [ RunTime:0.011379s ]
INFO: [ view_filter ] --START--
INFO: Run Behavior\WriteHtmlCacheBehavior [ RunTime:0.000161s ]
INFO: [ view_filter ] --END-- [ RunTime:0.000212s ]
INFO: [ app_end ] --START--
INFO: Run Behavior\ShowPageTraceBehavior [ RunTime:0.000500s ]
INFO: [ app_end ] --END-- [ RunTime:0.000553s ]

[ 2016-12-02T23:46:08+08:00 ] ::1 /blog/index.php/Admin/link/index.html
INFO: [ app_init ] --START--
INFO: Run Behavior\BuildLiteBehavior [ RunTime:0.000015s ]
INFO: [ app_init ] --END-- [ RunTime:0.000347s ]
INFO: [ app_begin ] --START--
INFO: Run Behavior\ReadHtmlCacheBehavior [ RunTime:0.000440s ]
INFO: [ app_begin ] --END-- [ RunTime:0.000494s ]
ERR: 非法操作:index

[ 2016-12-02T23:46:28+08:00 ] ::1 /blog/index.php/Admin/link/index.html
INFO: [ app_init ] --START--
INFO: Run Behavior\BuildLiteBehavior [ RunTime:0.000014s ]
INFO: [ app_init ] --END-- [ RunTime:0.000354s ]
INFO: [ app_begin ] --START--
INFO: Run Behavior\ReadHtmlCacheBehavior [ RunTime:0.000442s ]
INFO: [ app_begin ] --END-- [ RunTime:0.000495s ]
ERR: 非法操作:index

[ 2016-12-02T23:46:28+08:00 ] ::1 /blog/index.php/Admin
INFO: [ app_init ] --START--
INFO: Run Behavior\BuildLiteBehavior [ RunTime:0.000016s ]
INFO: [ app_init ] --END-- [ RunTime:0.000390s ]
INFO: [ app_begin ] --START--
INFO: Run Behavior\ReadHtmlCacheBehavior [ RunTime:0.000449s ]
INFO: [ app_begin ] --END-- [ RunTime:0.000504s ]
INFO: [ view_parse ] --START--
INFO: [ template_filter ] --START--
INFO: Run Behavior\ContentReplaceBehavior [ RunTime:0.000080s ]
INFO: [ template_filter ] --END-- [ RunTime:0.000175s ]
INFO: Run Behavior\ParseTemplateBehavior [ RunTime:0.011274s ]
INFO: [ view_parse ] --END-- [ RunTime:0.011340s ]
INFO: [ view_filter ] --START--
INFO: Run Behavior\WriteHtmlCacheBehavior [ RunTime:0.000211s ]
INFO: [ view_filter ] --END-- [ RunTime:0.000278s ]
INFO: [ app_end ] --START--
INFO: Run Behavior\ShowPageTraceBehavior [ RunTime:0.000629s ]
INFO: [ app_end ] --END-- [ RunTime:0.000693s ]

[ 2016-12-02T23:46:41+08:00 ] ::1 /blog/index.php/Admin/article/lst
INFO: [ app_init ] --START--
INFO: Run Behavior\BuildLiteBehavior [ RunTime:0.000021s ]
INFO: [ app_init ] --END-- [ RunTime:0.000469s ]
INFO: [ app_begin ] --START--
INFO: Run Behavior\ReadHtmlCacheBehavior [ RunTime:0.000485s ]
INFO: [ app_begin ] --END-- [ RunTime:0.000551s ]
SQL: SHOW COLUMNS FROM `blog_article` [ RunTime:0.0036s ]
SQL: SHOW COLUMNS FROM `blog_category` [ RunTime:0.0016s ]
SQL: SELECT COUNT(*) AS tp_count FROM blog_article Article LEFT JOIN blog_category Category ON Article.cateid=Category.id LIMIT 1   [ RunTime:0.0003s ]
SQL: SELECT Article.id AS id,Article.title AS title,Article.article_desc AS article_desc,Article.cateid AS cateid,Article.pic AS pic,Category.catename AS catename FROM blog_article Article LEFT JOIN blog_category Category ON Article.cateid=Category.id ORDER BY Article.id asc LIMIT 0,2   [ RunTime:0.0004s ]
INFO: [ view_parse ] --START--
INFO: [ template_filter ] --START--
INFO: Run Behavior\ContentReplaceBehavior [ RunTime:0.000065s ]
INFO: [ template_filter ] --END-- [ RunTime:0.000133s ]
NOTIC: [8] Undefined index: desc /Applications/MAMP/htdocs/blog/Application/Runtime/Cache/Admin/3233ce5cce332a117b52d9b8831cbcfa.php 第 104 行.
NOTIC: [8] Undefined index: desc /Applications/MAMP/htdocs/blog/Application/Runtime/Cache/Admin/3233ce5cce332a117b52d9b8831cbcfa.php 第 104 行.
INFO: Run Behavior\ParseTemplateBehavior [ RunTime:0.012076s ]
INFO: [ view_parse ] --END-- [ RunTime:0.012133s ]
INFO: [ view_filter ] --START--
INFO: Run Behavior\WriteHtmlCacheBehavior [ RunTime:0.000150s ]
INFO: [ view_filter ] --END-- [ RunTime:0.000199s ]
INFO: [ app_end ] --START--
INFO: Run Behavior\ShowPageTraceBehavior [ RunTime:0.000489s ]
INFO: [ app_end ] --END-- [ RunTime:0.000540s ]

[ 2016-12-02T23:46:42+08:00 ] ::1 /blog/index.php/Admin/cate/lst
INFO: [ app_init ] --START--
INFO: Run Behavior\BuildLiteBehavior [ RunTime:0.000015s ]
INFO: [ app_init ] --END-- [ RunTime:0.000352s ]
INFO: [ app_begin ] --START--
INFO: Run Behavior\ReadHtmlCacheBehavior [ RunTime:0.000462s ]
INFO: [ app_begin ] --END-- [ RunTime:0.000523s ]
SQL: SHOW COLUMNS FROM `blog_category` [ RunTime:0.0013s ]
SQL: SELECT * FROM `blog_category` ORDER BY id asc  [ RunTime:0.0002s ]
INFO: [ view_parse ] --START--
INFO: [ template_filter ] --START--
INFO: Run Behavior\ContentReplaceBehavior [ RunTime:0.000064s ]
INFO: [ template_filter ] --END-- [ RunTime:0.000123s ]
INFO: Run Behavior\ParseTemplateBehavior [ RunTime:0.010304s ]
INFO: [ view_parse ] --END-- [ RunTime:0.010366s ]
INFO: [ view_filter ] --START--
INFO: Run Behavior\WriteHtmlCacheBehavior [ RunTime:0.000152s ]
INFO: [ view_filter ] --END-- [ RunTime:0.000201s ]
INFO: [ app_end ] --START--
INFO: Run Behavior\ShowPageTraceBehavior [ RunTime:0.000461s ]
INFO: [ app_end ] --END-- [ RunTime:0.000510s ]

[ 2016-12-02T23:46:43+08:00 ] ::1 /blog/index.php/Admin/admin/lst
INFO: [ app_init ] --START--
INFO: Run Behavior\BuildLiteBehavior [ RunTime:0.000015s ]
INFO: [ app_init ] --END-- [ RunTime:0.000350s ]
INFO: [ app_begin ] --START--
INFO: Run Behavior\ReadHtmlCacheBehavior [ RunTime:0.000511s ]
INFO: [ app_begin ] --END-- [ RunTime:0.000577s ]
ERR: 无法加载控制器:Admin

[ 2016-12-02T23:46:54+08:00 ] ::1 /blog/index.php/Admin/link/lst
INFO: [ app_init ] --START--
INFO: Run Behavior\BuildLiteBehavior [ RunTime:0.000018s ]
INFO: [ app_init ] --END-- [ RunTime:0.000368s ]
INFO: [ app_begin ] --START--
INFO: Run Behavior\ReadHtmlCacheBehavior [ RunTime:0.000466s ]
INFO: [ app_begin ] --END-- [ RunTime:0.000523s ]
SQL: SHOW COLUMNS FROM `blog_link` [ RunTime:0.0039s ]
SQL: SELECT COUNT(*) AS tp_count FROM `blog_link` LIMIT 1   [ RunTime:0.0003s ]
SQL: SELECT * FROM `blog_link` ORDER BY id asc LIMIT 0,2   [ RunTime:0.0004s ]
INFO: [ view_parse ] --START--
INFO: [ template_filter ] --START--
INFO: Run Behavior\ContentReplaceBehavior [ RunTime:0.000070s ]
INFO: [ template_filter ] --END-- [ RunTime:0.000146s ]
NOTIC: [8] Undefined index: catename /Applications/MAMP/htdocs/blog/Application/Runtime/Cache/Admin/65e4f6df08c62e8a208c27167d615170.php 第 100 行.
NOTIC: [8] Undefined index: catename /Applications/MAMP/htdocs/blog/Application/Runtime/Cache/Admin/65e4f6df08c62e8a208c27167d615170.php 第 102 行.
NOTIC: [8] Undefined index: catename /Applications/MAMP/htdocs/blog/Application/Runtime/Cache/Admin/65e4f6df08c62e8a208c27167d615170.php 第 102 行.
NOTIC: [8] Undefined index: catename /Applications/MAMP/htdocs/blog/Application/Runtime/Cache/Admin/65e4f6df08c62e8a208c27167d615170.php 第 104 行.
NOTIC: [8] Undefined index: catename /Applications/MAMP/htdocs/blog/Application/Runtime/Cache/Admin/65e4f6df08c62e8a208c27167d615170.php 第 104 行.
NOTIC: [8] Undefined index: catename /Applications/MAMP/htdocs/blog/Application/Runtime/Cache/Admin/65e4f6df08c62e8a208c27167d615170.php 第 100 行.
NOTIC: [8] Undefined index: catename /Applications/MAMP/htdocs/blog/Application/Runtime/Cache/Admin/65e4f6df08c62e8a208c27167d615170.php 第 102 行.
NOTIC: [8] Undefined index: catename /Applications/MAMP/htdocs/blog/Application/Runtime/Cache/Admin/65e4f6df08c62e8a208c27167d615170.php 第 102 行.
NOTIC: [8] Undefined index: catename /Applications/MAMP/htdocs/blog/Application/Runtime/Cache/Admin/65e4f6df08c62e8a208c27167d615170.php 第 104 行.
NOTIC: [8] Undefined index: catename /Applications/MAMP/htdocs/blog/Application/Runtime/Cache/Admin/65e4f6df08c62e8a208c27167d615170.php 第 104 行.
INFO: Run Behavior\ParseTemplateBehavior [ RunTime:0.013300s ]
INFO: [ view_parse ] --END-- [ RunTime:0.013367s ]
INFO: [ view_filter ] --START--
INFO: Run Behavior\WriteHtmlCacheBehavior [ RunTime:0.000160s ]
INFO: [ view_filter ] --END-- [ RunTime:0.000212s ]
INFO: [ app_end ] --START--
INFO: Run Behavior\ShowPageTraceBehavior [ RunTime:0.000513s ]
INFO: [ app_end ] --END-- [ RunTime:0.000577s ]

[ 2016-12-02T23:46:54+08:00 ] ::1 /blog/index.php/Admin/link/lst
INFO: [ app_init ] --START--
INFO: Run Behavior\BuildLiteBehavior [ RunTime:0.000014s ]
INFO: [ app_init ] --END-- [ RunTime:0.000346s ]
INFO: [ app_begin ] --START--
INFO: Run Behavior\ReadHtmlCacheBehavior [ RunTime:0.000464s ]
INFO: [ app_begin ] --END-- [ RunTime:0.000520s ]
SQL: SHOW COLUMNS FROM `blog_link` [ RunTime:0.0017s ]
SQL: SELECT COUNT(*) AS tp_count FROM `blog_link` LIMIT 1   [ RunTime:0.0002s ]
SQL: SELECT * FROM `blog_link` ORDER BY id asc LIMIT 0,2   [ RunTime:0.0002s ]
INFO: [ view_parse ] --START--
INFO: [ template_filter ] --START--
INFO: Run Behavior\ContentReplaceBehavior [ RunTime:0.000070s ]
INFO: [ template_filter ] --END-- [ RunTime:0.000135s ]
NOTIC: [8] Undefined index: catename /Applications/MAMP/htdocs/blog/Application/Runtime/Cache/Admin/65e4f6df08c62e8a208c27167d615170.php 第 100 行.
NOTIC: [8] Undefined index: catename /Applications/MAMP/htdocs/blog/Application/Runtime/Cache/Admin/65e4f6df08c62e8a208c27167d615170.php 第 102 行.
NOTIC: [8] Undefined index: catename /Applications/MAMP/htdocs/blog/Application/Runtime/Cache/Admin/65e4f6df08c62e8a208c27167d615170.php 第 102 行.
NOTIC: [8] Undefined index: catename /Applications/MAMP/htdocs/blog/Application/Runtime/Cache/Admin/65e4f6df08c62e8a208c27167d615170.php 第 104 行.
NOTIC: [8] Undefined index: catename /Applications/MAMP/htdocs/blog/Application/Runtime/Cache/Admin/65e4f6df08c62e8a208c27167d615170.php 第 104 行.
NOTIC: [8] Undefined index: catename /Applications/MAMP/htdocs/blog/Application/Runtime/Cache/Admin/65e4f6df08c62e8a208c27167d615170.php 第 100 行.
NOTIC: [8] Undefined index: catename /Applications/MAMP/htdocs/blog/Application/Runtime/Cache/Admin/65e4f6df08c62e8a208c27167d615170.php 第 102 行.
NOTIC: [8] Undefined index: catename /Applications/MAMP/htdocs/blog/Application/Runtime/Cache/Admin/65e4f6df08c62e8a208c27167d615170.php 第 102 行.
NOTIC: [8] Undefined index: catename /Applications/MAMP/htdocs/blog/Application/Runtime/Cache/Admin/65e4f6df08c62e8a208c27167d615170.php 第 104 行.
NOTIC: [8] Undefined index: catename /Applications/MAMP/htdocs/blog/Application/Runtime/Cache/Admin/65e4f6df08c62e8a208c27167d615170.php 第 104 行.
INFO: Run Behavior\ParseTemplateBehavior [ RunTime:0.011045s ]
INFO: [ view_parse ] --END-- [ RunTime:0.011102s ]
INFO: [ view_filter ] --START--
INFO: Run Behavior\WriteHtmlCacheBehavior [ RunTime:0.000145s ]
INFO: [ view_filter ] --END-- [ RunTime:0.000197s ]
INFO: [ app_end ] --START--
INFO: Run Behavior\ShowPageTraceBehavior [ RunTime:0.000509s ]
INFO: [ app_end ] --END-- [ RunTime:0.000560s ]

[ 2016-12-02T23:46:56+08:00 ] ::1 /blog/index.php/Admin/Link/add
INFO: [ app_init ] --START--
INFO: Run Behavior\BuildLiteBehavior [ RunTime:0.000015s ]
INFO: [ app_init ] --END-- [ RunTime:0.000326s ]
INFO: [ app_begin ] --START--
INFO: Run Behavior\ReadHtmlCacheBehavior [ RunTime:0.000421s ]
INFO: [ app_begin ] --END-- [ RunTime:0.000473s ]
SQL: SHOW COLUMNS FROM `blog_link` [ RunTime:0.0037s ]
INFO: [ view_parse ] --START--
INFO: [ template_filter ] --START--
INFO: Run Behavior\ContentReplaceBehavior [ RunTime:0.000088s ]
INFO: [ template_filter ] --END-- [ RunTime:0.000182s ]
INFO: Run Behavior\ParseTemplateBehavior [ RunTime:0.008287s ]
INFO: [ view_parse ] --END-- [ RunTime:0.008360s ]
INFO: [ view_filter ] --START--
INFO: Run Behavior\WriteHtmlCacheBehavior [ RunTime:0.000203s ]
INFO: [ view_filter ] --END-- [ RunTime:0.000276s ]
INFO: [ app_end ] --START--
INFO: Run Behavior\ShowPageTraceBehavior [ RunTime:0.000706s ]
INFO: [ app_end ] --END-- [ RunTime:0.000783s ]

[ 2016-12-02T23:47:03+08:00 ] ::1 /blog/index.php/Admin/cate/lst
INFO: [ app_init ] --START--
INFO: Run Behavior\BuildLiteBehavior [ RunTime:0.000014s ]
INFO: [ app_init ] --END-- [ RunTime:0.000332s ]
INFO: [ app_begin ] --START--
INFO: Run Behavior\ReadHtmlCacheBehavior [ RunTime:0.000426s ]
INFO: [ app_begin ] --END-- [ RunTime:0.000481s ]
SQL: SHOW COLUMNS FROM `blog_category` [ RunTime:0.0043s ]
SQL: SELECT * FROM `blog_category` ORDER BY id asc  [ RunTime:0.0003s ]
INFO: [ view_parse ] --START--
INFO: [ template_filter ] --START--
INFO: Run Behavior\ContentReplaceBehavior [ RunTime:0.000080s ]
INFO: [ template_filter ] --END-- [ RunTime:0.000164s ]
INFO: Run Behavior\ParseTemplateBehavior [ RunTime:0.010570s ]
INFO: [ view_parse ] --END-- [ RunTime:0.010636s ]
INFO: [ view_filter ] --START--
INFO: Run Behavior\WriteHtmlCacheBehavior [ RunTime:0.000164s ]
INFO: [ view_filter ] --END-- [ RunTime:0.000215s ]
INFO: [ app_end ] --START--
INFO: Run Behavior\ShowPageTraceBehavior [ RunTime:0.000520s ]
INFO: [ app_end ] --END-- [ RunTime:0.000573s ]

[ 2016-12-02T23:47:06+08:00 ] ::1 /blog/index.php/Admin/article/lst
INFO: [ app_init ] --START--
INFO: Run Behavior\BuildLiteBehavior [ RunTime:0.000014s ]
INFO: [ app_init ] --END-- [ RunTime:0.000330s ]
INFO: [ app_begin ] --START--
INFO: Run Behavior\ReadHtmlCacheBehavior [ RunTime:0.000435s ]
INFO: [ app_begin ] --END-- [ RunTime:0.000488s ]
SQL: SHOW COLUMNS FROM `blog_article` [ RunTime:0.0031s ]
SQL: SHOW COLUMNS FROM `blog_category` [ RunTime:0.0016s ]
SQL: SELECT COUNT(*) AS tp_count FROM blog_article Article LEFT JOIN blog_category Category ON Article.cateid=Category.id LIMIT 1   [ RunTime:0.0005s ]
SQL: SELECT Article.id AS id,Article.title AS title,Article.article_desc AS article_desc,Article.cateid AS cateid,Article.pic AS pic,Category.catename AS catename FROM blog_article Article LEFT JOIN blog_category Category ON Article.cateid=Category.id ORDER BY Article.id asc LIMIT 0,2   [ RunTime:0.0006s ]
INFO: [ view_parse ] --START--
INFO: [ template_filter ] --START--
INFO: Run Behavior\ContentReplaceBehavior [ RunTime:0.000076s ]
INFO: [ template_filter ] --END-- [ RunTime:0.000156s ]
NOTIC: [8] Undefined index: desc /Applications/MAMP/htdocs/blog/Application/Runtime/Cache/Admin/3233ce5cce332a117b52d9b8831cbcfa.php 第 104 行.
NOTIC: [8] Undefined index: desc /Applications/MAMP/htdocs/blog/Application/Runtime/Cache/Admin/3233ce5cce332a117b52d9b8831cbcfa.php 第 104 行.
INFO: Run Behavior\ParseTemplateBehavior [ RunTime:0.014484s ]
INFO: [ view_parse ] --END-- [ RunTime:0.014551s ]
INFO: [ view_filter ] --START--
INFO: Run Behavior\WriteHtmlCacheBehavior [ RunTime:0.000152s ]
INFO: [ view_filter ] --END-- [ RunTime:0.000202s ]
INFO: [ app_end ] --START--
INFO: Run Behavior\ShowPageTraceBehavior [ RunTime:0.000532s ]
INFO: [ app_end ] --END-- [ RunTime:0.000586s ]

[ 2016-12-02T23:47:08+08:00 ] ::1 /blog/index.php/Admin/cate/lst
INFO: [ app_init ] --START--
INFO: Run Behavior\BuildLiteBehavior [ RunTime:0.000025s ]
INFO: [ app_init ] --END-- [ RunTime:0.000433s ]
INFO: [ app_begin ] --START--
INFO: Run Behavior\ReadHtmlCacheBehavior [ RunTime:0.000490s ]
INFO: [ app_begin ] --END-- [ RunTime:0.000548s ]
SQL: SHOW COLUMNS FROM `blog_category` [ RunTime:0.0029s ]
SQL: SELECT * FROM `blog_category` ORDER BY id asc  [ RunTime:0.0004s ]
INFO: [ view_parse ] --START--
INFO: [ template_filter ] --START--
INFO: Run Behavior\ContentReplaceBehavior [ RunTime:0.000077s ]
INFO: [ template_filter ] --END-- [ RunTime:0.000158s ]
INFO: Run Behavior\ParseTemplateBehavior [ RunTime:0.013266s ]
INFO: [ view_parse ] --END-- [ RunTime:0.013336s ]
INFO: [ view_filter ] --START--
INFO: Run Behavior\WriteHtmlCacheBehavior [ RunTime:0.000164s ]
INFO: [ view_filter ] --END-- [ RunTime:0.000223s ]
INFO: [ app_end ] --START--
INFO: Run Behavior\ShowPageTraceBehavior [ RunTime:0.000494s ]
INFO: [ app_end ] --END-- [ RunTime:0.000547s ]

[ 2016-12-02T23:47:13+08:00 ] ::1 /blog/index.php/Admin/article/lst
INFO: [ app_init ] --START--
INFO: Run Behavior\BuildLiteBehavior [ RunTime:0.000016s ]
INFO: [ app_init ] --END-- [ RunTime:0.000340s ]
INFO: [ app_begin ] --START--
INFO: Run Behavior\ReadHtmlCacheBehavior [ RunTime:0.000428s ]
INFO: [ app_begin ] --END-- [ RunTime:0.000483s ]
SQL: SHOW COLUMNS FROM `blog_article` [ RunTime:0.0021s ]
SQL: SHOW COLUMNS FROM `blog_category` [ RunTime:0.0013s ]
SQL: SELECT COUNT(*) AS tp_count FROM blog_article Article LEFT JOIN blog_category Category ON Article.cateid=Category.id LIMIT 1   [ RunTime:0.0004s ]
SQL: SELECT Article.id AS id,Article.title AS title,Article.article_desc AS article_desc,Article.cateid AS cateid,Article.pic AS pic,Category.catename AS catename FROM blog_article Article LEFT JOIN blog_category Category ON Article.cateid=Category.id ORDER BY Article.id asc LIMIT 0,2   [ RunTime:0.0004s ]
INFO: [ view_parse ] --START--
INFO: [ template_filter ] --START--
INFO: Run Behavior\ContentReplaceBehavior [ RunTime:0.000099s ]
INFO: [ template_filter ] --END-- [ RunTime:0.000201s ]
NOTIC: [8] Undefined index: desc /Applications/MAMP/htdocs/blog/Application/Runtime/Cache/Admin/3233ce5cce332a117b52d9b8831cbcfa.php 第 104 行.
NOTIC: [8] Undefined index: desc /Applications/MAMP/htdocs/blog/Application/Runtime/Cache/Admin/3233ce5cce332a117b52d9b8831cbcfa.php 第 104 行.
INFO: Run Behavior\ParseTemplateBehavior [ RunTime:0.014728s ]
INFO: [ view_parse ] --END-- [ RunTime:0.014806s ]
INFO: [ view_filter ] --START--
INFO: Run Behavior\WriteHtmlCacheBehavior [ RunTime:0.000211s ]
INFO: [ view_filter ] --END-- [ RunTime:0.000280s ]
INFO: [ app_end ] --START--
INFO: Run Behavior\ShowPageTraceBehavior [ RunTime:0.000691s ]
INFO: [ app_end ] --END-- [ RunTime:0.000766s ]

[ 2016-12-02T23:47:15+08:00 ] ::1 /blog/index.php/Admin/cate/lst
INFO: [ app_init ] --START--
INFO: Run Behavior\BuildLiteBehavior [ RunTime:0.000017s ]
INFO: [ app_init ] --END-- [ RunTime:0.000356s ]
INFO: [ app_begin ] --START--
INFO: Run Behavior\ReadHtmlCacheBehavior [ RunTime:0.000459s ]
INFO: [ app_begin ] --END-- [ RunTime:0.000516s ]
SQL: SHOW COLUMNS FROM `blog_category` [ RunTime:0.0024s ]
SQL: SELECT * FROM `blog_category` ORDER BY id asc  [ RunTime:0.0003s ]
INFO: [ view_parse ] --START--
INFO: [ template_filter ] --START--
INFO: Run Behavior\ContentReplaceBehavior [ RunTime:0.000068s ]
INFO: [ template_filter ] --END-- [ RunTime:0.000140s ]
INFO: Run Behavior\ParseTemplateBehavior [ RunTime:0.010321s ]
INFO: [ view_parse ] --END-- [ RunTime:0.010385s ]
INFO: [ view_filter ] --START--
INFO: Run Behavior\WriteHtmlCacheBehavior [ RunTime:0.000149s ]
INFO: [ view_filter ] --END-- [ RunTime:0.000200s ]
INFO: [ app_end ] --START--
INFO: Run Behavior\ShowPageTraceBehavior [ RunTime:0.000504s ]
INFO: [ app_end ] --END-- [ RunTime:0.000557s ]

[ 2016-12-02T23:48:43+08:00 ] ::1 /blog/index.php/Admin/cate/lst
INFO: [ app_init ] --START--
INFO: Run Behavior\BuildLiteBehavior [ RunTime:0.000015s ]
INFO: [ app_init ] --END-- [ RunTime:0.000356s ]
INFO: [ app_begin ] --START--
INFO: Run Behavior\ReadHtmlCacheBehavior [ RunTime:0.000451s ]
INFO: [ app_begin ] --END-- [ RunTime:0.000508s ]
SQL: SHOW COLUMNS FROM `blog_category` [ RunTime:0.0015s ]
SQL: SELECT * FROM `blog_category` ORDER BY id asc  [ RunTime:0.0004s ]
INFO: [ view_parse ] --START--
INFO: [ template_filter ] --START--
INFO: Run Behavior\ContentReplaceBehavior [ RunTime:0.000079s ]
INFO: [ template_filter ] --END-- [ RunTime:0.000155s ]
INFO: Run Behavior\ParseTemplateBehavior [ RunTime:0.013823s ]
INFO: [ view_parse ] --END-- [ RunTime:0.013898s ]
INFO: [ view_filter ] --START--
INFO: Run Behavior\WriteHtmlCacheBehavior [ RunTime:0.000164s ]
INFO: [ view_filter ] --END-- [ RunTime:0.000215s ]
INFO: [ app_end ] --START--
INFO: Run Behavior\ShowPageTraceBehavior [ RunTime:0.000531s ]
INFO: [ app_end ] --END-- [ RunTime:0.000587s ]

[ 2016-12-02T23:49:00+08:00 ] ::1 /blog/index.php/Admin/cate/lst
INFO: [ app_init ] --START--
INFO: Run Behavior\BuildLiteBehavior [ RunTime:0.000016s ]
INFO: [ app_init ] --END-- [ RunTime:0.000355s ]
INFO: [ app_begin ] --START--
INFO: Run Behavior\ReadHtmlCacheBehavior [ RunTime:0.000447s ]
INFO: [ app_begin ] --END-- [ RunTime:0.000504s ]
SQL: SHOW COLUMNS FROM `blog_category` [ RunTime:0.0027s ]
SQL: SELECT * FROM `blog_category` ORDER BY id asc  [ RunTime:0.0005s ]
INFO: [ view_parse ] --START--
INFO: [ template_filter ] --START--
INFO: Run Behavior\ContentReplaceBehavior [ RunTime:0.000091s ]
INFO: [ template_filter ] --END-- [ RunTime:0.000188s ]
INFO: Run Behavior\ParseTemplateBehavior [ RunTime:0.011766s ]
INFO: [ view_parse ] --END-- [ RunTime:0.011845s ]
INFO: [ view_filter ] --START--
INFO: Run Behavior\WriteHtmlCacheBehavior [ RunTime:0.000181s ]
INFO: [ view_filter ] --END-- [ RunTime:0.000236s ]
INFO: [ app_end ] --START--
INFO: Run Behavior\ShowPageTraceBehavior [ RunTime:0.000585s ]
INFO: [ app_end ] --END-- [ RunTime:0.000657s ]

[ 2016-12-02T23:49:23+08:00 ] 127.0.0.1 /blog/index.php/Admin/cate/lst
INFO: [ app_init ] --START--
INFO: Run Behavior\BuildLiteBehavior [ RunTime:0.000015s ]
INFO: [ app_init ] --END-- [ RunTime:0.000362s ]
INFO: [ app_begin ] --START--
INFO: Run Behavior\ReadHtmlCacheBehavior [ RunTime:0.000427s ]
INFO: [ app_begin ] --END-- [ RunTime:0.000481s ]
SQL: SHOW COLUMNS FROM `blog_category` [ RunTime:0.0030s ]
SQL: SELECT * FROM `blog_category` ORDER BY id asc  [ RunTime:0.0003s ]
INFO: [ view_parse ] --START--
INFO: [ template_filter ] --START--
INFO: Run Behavior\ContentReplaceBehavior [ RunTime:0.000067s ]
INFO: [ template_filter ] --END-- [ RunTime:0.000135s ]
INFO: Run Behavior\ParseTemplateBehavior [ RunTime:0.010104s ]
INFO: [ view_parse ] --END-- [ RunTime:0.010164s ]
INFO: [ view_filter ] --START--
INFO: Run Behavior\WriteHtmlCacheBehavior [ RunTime:0.000153s ]
INFO: [ view_filter ] --END-- [ RunTime:0.000203s ]
INFO: [ app_end ] --START--
INFO: Run Behavior\ShowPageTraceBehavior [ RunTime:0.000500s ]
INFO: [ app_end ] --END-- [ RunTime:0.000553s ]

[ 2016-12-02T23:49:43+08:00 ] 127.0.0.1 /blog/index.php/Admin/link/lst
INFO: [ app_init ] --START--
INFO: Run Behavior\BuildLiteBehavior [ RunTime:0.000015s ]
INFO: [ app_init ] --END-- [ RunTime:0.000336s ]
INFO: [ app_begin ] --START--
INFO: Run Behavior\ReadHtmlCacheBehavior [ RunTime:0.000426s ]
INFO: [ app_begin ] --END-- [ RunTime:0.000479s ]
SQL: SHOW COLUMNS FROM `blog_link` [ RunTime:0.0038s ]
SQL: SELECT COUNT(*) AS tp_count FROM `blog_link` LIMIT 1   [ RunTime:0.0002s ]
SQL: SELECT * FROM `blog_link` ORDER BY id asc LIMIT 0,2   [ RunTime:0.0002s ]
INFO: [ view_parse ] --START--
INFO: [ template_filter ] --START--
INFO: Run Behavior\ContentReplaceBehavior [ RunTime:0.000070s ]
INFO: [ template_filter ] --END-- [ RunTime:0.000143s ]
NOTIC: [8] Undefined index: catename /Applications/MAMP/htdocs/blog/Application/Runtime/Cache/Admin/65e4f6df08c62e8a208c27167d615170.php 第 100 行.
NOTIC: [8] Undefined index: catename /Applications/MAMP/htdocs/blog/Application/Runtime/Cache/Admin/65e4f6df08c62e8a208c27167d615170.php 第 102 行.
NOTIC: [8] Undefined index: catename /Applications/MAMP/htdocs/blog/Application/Runtime/Cache/Admin/65e4f6df08c62e8a208c27167d615170.php 第 102 行.
NOTIC: [8] Undefined index: catename /Applications/MAMP/htdocs/blog/Application/Runtime/Cache/Admin/65e4f6df08c62e8a208c27167d615170.php 第 104 行.
NOTIC: [8] Undefined index: catename /Applications/MAMP/htdocs/blog/Application/Runtime/Cache/Admin/65e4f6df08c62e8a208c27167d615170.php 第 104 行.
NOTIC: [8] Undefined index: catename /Applications/MAMP/htdocs/blog/Application/Runtime/Cache/Admin/65e4f6df08c62e8a208c27167d615170.php 第 100 行.
NOTIC: [8] Undefined index: catename /Applications/MAMP/htdocs/blog/Application/Runtime/Cache/Admin/65e4f6df08c62e8a208c27167d615170.php 第 102 行.
NOTIC: [8] Undefined index: catename /Applications/MAMP/htdocs/blog/Application/Runtime/Cache/Admin/65e4f6df08c62e8a208c27167d615170.php 第 102 行.
NOTIC: [8] Undefined index: catename /Applications/MAMP/htdocs/blog/Application/Runtime/Cache/Admin/65e4f6df08c62e8a208c27167d615170.php 第 104 行.
NOTIC: [8] Undefined index: catename /Applications/MAMP/htdocs/blog/Application/Runtime/Cache/Admin/65e4f6df08c62e8a208c27167d615170.php 第 104 行.
INFO: Run Behavior\ParseTemplateBehavior [ RunTime:0.011077s ]
INFO: [ view_parse ] --END-- [ RunTime:0.011134s ]
INFO: [ view_filter ] --START--
INFO: Run Behavior\WriteHtmlCacheBehavior [ RunTime:0.000163s ]
INFO: [ view_filter ] --END-- [ RunTime:0.000213s ]
INFO: [ app_end ] --START--
INFO: Run Behavior\ShowPageTraceBehavior [ RunTime:0.000524s ]
INFO: [ app_end ] --END-- [ RunTime:0.000578s ]

[ 2016-12-02T23:50:28+08:00 ] 127.0.0.1 /blog/index.php/Admin/link/lst
INFO: [ app_init ] --START--
INFO: Run Behavior\BuildLiteBehavior [ RunTime:0.000016s ]
INFO: [ app_init ] --END-- [ RunTime:0.000355s ]
INFO: [ app_begin ] --START--
INFO: Run Behavior\ReadHtmlCacheBehavior [ RunTime:0.000479s ]
INFO: [ app_begin ] --END-- [ RunTime:0.000547s ]
SQL: SHOW COLUMNS FROM `blog_link` [ RunTime:0.0030s ]
SQL: SELECT COUNT(*) AS tp_count FROM `blog_link` LIMIT 1   [ RunTime:0.0002s ]
SQL: SELECT * FROM `blog_link` ORDER BY id asc LIMIT 0,2   [ RunTime:0.0002s ]
INFO: [ view_parse ] --START--
INFO: [ template_filter ] --START--
INFO: Run Behavior\ContentReplaceBehavior [ RunTime:0.000083s ]
INFO: [ template_filter ] --END-- [ RunTime:0.000155s ]
NOTIC: [8] Undefined index: catename /Applications/MAMP/htdocs/blog/Application/Runtime/Cache/Admin/65e4f6df08c62e8a208c27167d615170.php 第 100 行.
NOTIC: [8] Undefined index: catename /Applications/MAMP/htdocs/blog/Application/Runtime/Cache/Admin/65e4f6df08c62e8a208c27167d615170.php 第 102 行.
NOTIC: [8] Undefined index: catename /Applications/MAMP/htdocs/blog/Application/Runtime/Cache/Admin/65e4f6df08c62e8a208c27167d615170.php 第 102 行.
NOTIC: [8] Undefined index: catename /Applications/MAMP/htdocs/blog/Application/Runtime/Cache/Admin/65e4f6df08c62e8a208c27167d615170.php 第 104 行.
NOTIC: [8] Undefined index: catename /Applications/MAMP/htdocs/blog/Application/Runtime/Cache/Admin/65e4f6df08c62e8a208c27167d615170.php 第 104 行.
NOTIC: [8] Undefined index: catename /Applications/MAMP/htdocs/blog/Application/Runtime/Cache/Admin/65e4f6df08c62e8a208c27167d615170.php 第 100 行.
NOTIC: [8] Undefined index: catename /Applications/MAMP/htdocs/blog/Application/Runtime/Cache/Admin/65e4f6df08c62e8a208c27167d615170.php 第 102 行.
NOTIC: [8] Undefined index: catename /Applications/MAMP/htdocs/blog/Application/Runtime/Cache/Admin/65e4f6df08c62e8a208c27167d615170.php 第 102 行.
NOTIC: [8] Undefined index: catename /Applications/MAMP/htdocs/blog/Application/Runtime/Cache/Admin/65e4f6df08c62e8a208c27167d615170.php 第 104 行.
NOTIC: [8] Undefined index: catename /Applications/MAMP/htdocs/blog/Application/Runtime/Cache/Admin/65e4f6df08c62e8a208c27167d615170.php 第 104 行.
INFO: Run Behavior\ParseTemplateBehavior [ RunTime:0.011927s ]
INFO: [ view_parse ] --END-- [ RunTime:0.011987s ]
INFO: [ view_filter ] --START--
INFO: Run Behavior\WriteHtmlCacheBehavior [ RunTime:0.000169s ]
INFO: [ view_filter ] --END-- [ RunTime:0.000220s ]
INFO: [ app_end ] --START--
INFO: Run Behavior\ShowPageTraceBehavior [ RunTime:0.000519s ]
INFO: [ app_end ] --END-- [ RunTime:0.000572s ]

[ 2016-12-02T23:50:44+08:00 ] 127.0.0.1 /blog/index.php/Admin/link/lst
INFO: [ app_init ] --START--
INFO: Run Behavior\BuildLiteBehavior [ RunTime:0.000014s ]
INFO: [ app_init ] --END-- [ RunTime:0.000336s ]
INFO: [ app_begin ] --START--
INFO: Run Behavior\ReadHtmlCacheBehavior [ RunTime:0.000426s ]
INFO: [ app_begin ] --END-- [ RunTime:0.000479s ]
SQL: SHOW COLUMNS FROM `blog_link` [ RunTime:0.0035s ]
SQL: SELECT COUNT(*) AS tp_count FROM `blog_link` LIMIT 1   [ RunTime:0.0002s ]
SQL: SELECT * FROM `blog_link` ORDER BY id asc LIMIT 0,2   [ RunTime:0.0003s ]
INFO: [ view_parse ] --START--
INFO: [ template_filter ] --START--
INFO: Run Behavior\ContentReplaceBehavior [ RunTime:0.000090s ]
INFO: [ template_filter ] --END-- [ RunTime:0.000182s ]
NOTIC: [8] Undefined index: catename /Applications/MAMP/htdocs/blog/Application/Runtime/Cache/Admin/65e4f6df08c62e8a208c27167d615170.php 第 100 行.
NOTIC: [8] Undefined index: catename /Applications/MAMP/htdocs/blog/Application/Runtime/Cache/Admin/65e4f6df08c62e8a208c27167d615170.php 第 102 行.
NOTIC: [8] Undefined index: catename /Applications/MAMP/htdocs/blog/Application/Runtime/Cache/Admin/65e4f6df08c62e8a208c27167d615170.php 第 102 行.
NOTIC: [8] Undefined index: catename /Applications/MAMP/htdocs/blog/Application/Runtime/Cache/Admin/65e4f6df08c62e8a208c27167d615170.php 第 104 行.
NOTIC: [8] Undefined index: catename /Applications/MAMP/htdocs/blog/Application/Runtime/Cache/Admin/65e4f6df08c62e8a208c27167d615170.php 第 104 行.
NOTIC: [8] Undefined index: catename /Applications/MAMP/htdocs/blog/Application/Runtime/Cache/Admin/65e4f6df08c62e8a208c27167d615170.php 第 100 行.
NOTIC: [8] Undefined index: catename /Applications/MAMP/htdocs/blog/Application/Runtime/Cache/Admin/65e4f6df08c62e8a208c27167d615170.php 第 102 行.
NOTIC: [8] Undefined index: catename /Applications/MAMP/htdocs/blog/Application/Runtime/Cache/Admin/65e4f6df08c62e8a208c27167d615170.php 第 102 行.
NOTIC: [8] Undefined index: catename /Applications/MAMP/htdocs/blog/Application/Runtime/Cache/Admin/65e4f6df08c62e8a208c27167d615170.php 第 104 行.
NOTIC: [8] Undefined index: catename /Applications/MAMP/htdocs/blog/Application/Runtime/Cache/Admin/65e4f6df08c62e8a208c27167d615170.php 第 104 行.
INFO: Run Behavior\ParseTemplateBehavior [ RunTime:0.012074s ]
INFO: [ view_parse ] --END-- [ RunTime:0.012142s ]
INFO: [ view_filter ] --START--
INFO: Run Behavior\WriteHtmlCacheBehavior [ RunTime:0.000196s ]
INFO: [ view_filter ] --END-- [ RunTime:0.000262s ]
INFO: [ app_end ] --START--
INFO: Run Behavior\ShowPageTraceBehavior [ RunTime:0.000651s ]
INFO: [ app_end ] --END-- [ RunTime:0.000718s ]

[ 2016-12-02T23:50:50+08:00 ] 127.0.0.1 /blog/index.php/Admin/cate/lst
INFO: [ app_init ] --START--
INFO: Run Behavior\BuildLiteBehavior [ RunTime:0.000016s ]
INFO: [ app_init ] --END-- [ RunTime:0.000341s ]
INFO: [ app_begin ] --START--
INFO: Run Behavior\ReadHtmlCacheBehavior [ RunTime:0.000429s ]
INFO: [ app_begin ] --END-- [ RunTime:0.000482s ]
SQL: SHOW COLUMNS FROM `blog_category` [ RunTime:0.0032s ]
SQL: SELECT * FROM `blog_category` ORDER BY id asc  [ RunTime:0.0006s ]
INFO: [ view_parse ] --START--
INFO: [ template_filter ] --START--
INFO: Run Behavior\ContentReplaceBehavior [ RunTime:0.000072s ]
INFO: [ template_filter ] --END-- [ RunTime:0.000142s ]
INFO: Run Behavior\ParseTemplateBehavior [ RunTime:0.010476s ]
INFO: [ view_parse ] --END-- [ RunTime:0.010540s ]
INFO: [ view_filter ] --START--
INFO: Run Behavior\WriteHtmlCacheBehavior [ RunTime:0.000164s ]
INFO: [ view_filter ] --END-- [ RunTime:0.000216s ]
INFO: [ app_end ] --START--
INFO: Run Behavior\ShowPageTraceBehavior [ RunTime:0.000514s ]
INFO: [ app_end ] --END-- [ RunTime:0.000567s ]

[ 2016-12-02T23:50:51+08:00 ] 127.0.0.1 /blog/index.php/Admin/article/lst
INFO: [ app_init ] --START--
INFO: Run Behavior\BuildLiteBehavior [ RunTime:0.000019s ]
INFO: [ app_init ] --END-- [ RunTime:0.000365s ]
INFO: [ app_begin ] --START--
INFO: Run Behavior\ReadHtmlCacheBehavior [ RunTime:0.000463s ]
INFO: [ app_begin ] --END-- [ RunTime:0.000521s ]
SQL: SHOW COLUMNS FROM `blog_article` [ RunTime:0.0033s ]
SQL: SHOW COLUMNS FROM `blog_category` [ RunTime:0.0012s ]
SQL: SELECT COUNT(*) AS tp_count FROM blog_article Article LEFT JOIN blog_category Category ON Article.cateid=Category.id LIMIT 1   [ RunTime:0.0003s ]
SQL: SELECT Article.id AS id,Article.title AS title,Article.article_desc AS article_desc,Article.cateid AS cateid,Article.pic AS pic,Category.catename AS catename FROM blog_article Article LEFT JOIN blog_category Category ON Article.cateid=Category.id ORDER BY Article.id asc LIMIT 0,2   [ RunTime:0.0004s ]
INFO: [ view_parse ] --START--
INFO: [ template_filter ] --START--
INFO: Run Behavior\ContentReplaceBehavior [ RunTime:0.000079s ]
INFO: [ template_filter ] --END-- [ RunTime:0.000164s ]
NOTIC: [8] Undefined index: desc /Applications/MAMP/htdocs/blog/Application/Runtime/Cache/Admin/3233ce5cce332a117b52d9b8831cbcfa.php 第 104 行.
NOTIC: [8] Undefined index: desc /Applications/MAMP/htdocs/blog/Application/Runtime/Cache/Admin/3233ce5cce332a117b52d9b8831cbcfa.php 第 104 行.
INFO: Run Behavior\ParseTemplateBehavior [ RunTime:0.012099s ]
INFO: [ view_parse ] --END-- [ RunTime:0.012164s ]
INFO: [ view_filter ] --START--
INFO: Run Behavior\WriteHtmlCacheBehavior [ RunTime:0.000165s ]
INFO: [ view_filter ] --END-- [ RunTime:0.000217s ]
INFO: [ app_end ] --START--
INFO: Run Behavior\ShowPageTraceBehavior [ RunTime:0.000537s ]
INFO: [ app_end ] --END-- [ RunTime:0.000595s ]

[ 2016-12-02T23:51:00+08:00 ] 127.0.0.1 /blog/index.php/Admin/Article/lst/p/2.html
INFO: [ app_init ] --START--
INFO: Run Behavior\BuildLiteBehavior [ RunTime:0.000024s ]
INFO: [ app_init ] --END-- [ RunTime:0.000381s ]
INFO: [ app_begin ] --START--
INFO: Run Behavior\ReadHtmlCacheBehavior [ RunTime:0.000521s ]
INFO: [ app_begin ] --END-- [ RunTime:0.000589s ]
SQL: SHOW COLUMNS FROM `blog_article` [ RunTime:0.0041s ]
SQL: SHOW COLUMNS FROM `blog_category` [ RunTime:0.0013s ]
SQL: SELECT COUNT(*) AS tp_count FROM blog_article Article LEFT JOIN blog_category Category ON Article.cateid=Category.id LIMIT 1   [ RunTime:0.0003s ]
SQL: SELECT Article.id AS id,Article.title AS title,Article.article_desc AS article_desc,Article.cateid AS cateid,Article.pic AS pic,Category.catename AS catename FROM blog_article Article LEFT JOIN blog_category Category ON Article.cateid=Category.id ORDER BY Article.id asc LIMIT 2,2   [ RunTime:0.0004s ]
INFO: [ view_parse ] --START--
INFO: [ template_filter ] --START--
INFO: Run Behavior\ContentReplaceBehavior [ RunTime:0.000125s ]
INFO: [ template_filter ] --END-- [ RunTime:0.000225s ]
NOTIC: [8] Undefined index: desc /Applications/MAMP/htdocs/blog/Application/Runtime/Cache/Admin/3233ce5cce332a117b52d9b8831cbcfa.php 第 104 行.
NOTIC: [8] Undefined index: desc /Applications/MAMP/htdocs/blog/Application/Runtime/Cache/Admin/3233ce5cce332a117b52d9b8831cbcfa.php 第 104 行.
INFO: Run Behavior\ParseTemplateBehavior [ RunTime:0.013949s ]
INFO: [ view_parse ] --END-- [ RunTime:0.014019s ]
INFO: [ view_filter ] --START--
INFO: Run Behavior\WriteHtmlCacheBehavior [ RunTime:0.000210s ]
INFO: [ view_filter ] --END-- [ RunTime:0.000278s ]
INFO: [ app_end ] --START--
INFO: Run Behavior\ShowPageTraceBehavior [ RunTime:0.000679s ]
INFO: [ app_end ] --END-- [ RunTime:0.000749s ]

[ 2016-12-02T23:51:02+08:00 ] 127.0.0.1 /blog/index.php/Admin/Article/lst/p/3.html
INFO: [ app_init ] --START--
INFO: Run Behavior\BuildLiteBehavior [ RunTime:0.000018s ]
INFO: [ app_init ] --END-- [ RunTime:0.000357s ]
INFO: [ app_begin ] --START--
INFO: Run Behavior\ReadHtmlCacheBehavior [ RunTime:0.000448s ]
INFO: [ app_begin ] --END-- [ RunTime:0.000503s ]
SQL: SHOW COLUMNS FROM `blog_article` [ RunTime:0.0034s ]
SQL: SHOW COLUMNS FROM `blog_category` [ RunTime:0.0011s ]
SQL: SELECT COUNT(*) AS tp_count FROM blog_article Article LEFT JOIN blog_category Category ON Article.cateid=Category.id LIMIT 1   [ RunTime:0.0003s ]
SQL: SELECT Article.id AS id,Article.title AS title,Article.article_desc AS article_desc,Article.cateid AS cateid,Article.pic AS pic,Category.catename AS catename FROM blog_article Article LEFT JOIN blog_category Category ON Article.cateid=Category.id ORDER BY Article.id asc LIMIT 4,2   [ RunTime:0.0004s ]
INFO: [ view_parse ] --START--
INFO: [ template_filter ] --START--
INFO: Run Behavior\ContentReplaceBehavior [ RunTime:0.000069s ]
INFO: [ template_filter ] --END-- [ RunTime:0.000148s ]
NOTIC: [8] Undefined index: desc /Applications/MAMP/htdocs/blog/Application/Runtime/Cache/Admin/3233ce5cce332a117b52d9b8831cbcfa.php 第 104 行.
NOTIC: [8] Undefined index: desc /Applications/MAMP/htdocs/blog/Application/Runtime/Cache/Admin/3233ce5cce332a117b52d9b8831cbcfa.php 第 104 行.
INFO: Run Behavior\ParseTemplateBehavior [ RunTime:0.012752s ]
INFO: [ view_parse ] --END-- [ RunTime:0.012810s ]
INFO: [ view_filter ] --START--
INFO: Run Behavior\WriteHtmlCacheBehavior [ RunTime:0.000160s ]
INFO: [ view_filter ] --END-- [ RunTime:0.000210s ]
INFO: [ app_end ] --START--
INFO: Run Behavior\ShowPageTraceBehavior [ RunTime:0.000533s ]
INFO: [ app_end ] --END-- [ RunTime:0.000586s ]

[ 2016-12-02T23:51:03+08:00 ] 127.0.0.1 /blog/index.php/Admin/Article/lst/p/1.html
INFO: [ app_init ] --START--
INFO: Run Behavior\BuildLiteBehavior [ RunTime:0.000015s ]
INFO: [ app_init ] --END-- [ RunTime:0.000341s ]
INFO: [ app_begin ] --START--
INFO: Run Behavior\ReadHtmlCacheBehavior [ RunTime:0.000436s ]
INFO: [ app_begin ] --END-- [ RunTime:0.000491s ]
SQL: SHOW COLUMNS FROM `blog_article` [ RunTime:0.0018s ]
SQL: SHOW COLUMNS FROM `blog_category` [ RunTime:0.0015s ]
SQL: SELECT COUNT(*) AS tp_count FROM blog_article Article LEFT JOIN blog_category Category ON Article.cateid=Category.id LIMIT 1   [ RunTime:0.0004s ]
SQL: SELECT Article.id AS id,Article.title AS title,Article.article_desc AS article_desc,Article.cateid AS cateid,Article.pic AS pic,Category.catename AS catename FROM blog_article Article LEFT JOIN blog_category Category ON Article.cateid=Category.id ORDER BY Article.id asc LIMIT 0,2   [ RunTime:0.0004s ]
INFO: [ view_parse ] --START--
INFO: [ template_filter ] --START--
INFO: Run Behavior\ContentReplaceBehavior [ RunTime:0.000070s ]
INFO: [ template_filter ] --END-- [ RunTime:0.000143s ]
NOTIC: [8] Undefined index: desc /Applications/MAMP/htdocs/blog/Application/Runtime/Cache/Admin/3233ce5cce332a117b52d9b8831cbcfa.php 第 104 行.
NOTIC: [8] Undefined index: desc /Applications/MAMP/htdocs/blog/Application/Runtime/Cache/Admin/3233ce5cce332a117b52d9b8831cbcfa.php 第 104 行.
INFO: Run Behavior\ParseTemplateBehavior [ RunTime:0.013454s ]
INFO: [ view_parse ] --END-- [ RunTime:0.013520s ]
INFO: [ view_filter ] --START--
INFO: Run Behavior\WriteHtmlCacheBehavior [ RunTime:0.000157s ]
INFO: [ view_filter ] --END-- [ RunTime:0.000208s ]
INFO: [ app_end ] --START--
INFO: Run Behavior\ShowPageTraceBehavior [ RunTime:0.000509s ]
INFO: [ app_end ] --END-- [ RunTime:0.000563s ]

[ 2016-12-02T23:53:56+08:00 ] 127.0.0.1 /blog/index.php/Admin/Article/lst/p/1.html
INFO: [ app_init ] --START--
INFO: Run Behavior\BuildLiteBehavior [ RunTime:0.000024s ]
INFO: [ app_init ] --END-- [ RunTime:0.000459s ]
INFO: [ app_begin ] --START--
INFO: Run Behavior\ReadHtmlCacheBehavior [ RunTime:0.000560s ]
INFO: [ app_begin ] --END-- [ RunTime:0.000625s ]
SQL: SHOW COLUMNS FROM `blog_article` [ RunTime:0.0031s ]
SQL: SHOW COLUMNS FROM `blog_category` [ RunTime:0.0016s ]
SQL: SELECT COUNT(*) AS tp_count FROM blog_article Article LEFT JOIN blog_category Category ON Article.cateid=Category.id LIMIT 1   [ RunTime:0.0004s ]
SQL: SELECT Article.id AS id,Article.title AS title,Article.article_desc AS article_desc,Article.cateid AS cateid,Article.pic AS pic,Category.catename AS catename FROM blog_article Article LEFT JOIN blog_category Category ON Article.cateid=Category.id ORDER BY Article.id asc LIMIT 0,2   [ RunTime:0.0004s ]
INFO: [ view_parse ] --START--
INFO: [ template_filter ] --START--
INFO: Run Behavior\ContentReplaceBehavior [ RunTime:0.000118s ]
INFO: [ template_filter ] --END-- [ RunTime:0.000186s ]
NOTIC: [8] Undefined index: desc /Applications/MAMP/htdocs/blog/Application/Runtime/Cache/Admin/3233ce5cce332a117b52d9b8831cbcfa.php 第 104 行.
NOTIC: [8] Undefined index: desc /Applications/MAMP/htdocs/blog/Application/Runtime/Cache/Admin/3233ce5cce332a117b52d9b8831cbcfa.php 第 104 行.
INFO: Run Behavior\ParseTemplateBehavior [ RunTime:0.012705s ]
INFO: [ view_parse ] --END-- [ RunTime:0.012775s ]
INFO: [ view_filter ] --START--
INFO: Run Behavior\WriteHtmlCacheBehavior [ RunTime:0.000159s ]
INFO: [ view_filter ] --END-- [ RunTime:0.000212s ]
INFO: [ app_end ] --START--
INFO: Run Behavior\ShowPageTraceBehavior [ RunTime:0.000554s ]
INFO: [ app_end ] --END-- [ RunTime:0.000615s ]

